Mplus VERSION 8.10 (Mac)
MUTHEN & MUTHEN
04/03/2024   3:42 PM

INPUT INSTRUCTIONS

  TITLE:
  Cognitive Reserve Base Model - ML
                                  using signature regions
                                 Fix parameters;
  DATA:
  FILE = "cr_sig2_1.dat";

  VARIABLE:
  NAMES = rid aa hisp male span vmst wmhst pr_eval pr_x_sp sigst;
   MISSING=.;
   USEVARIABLES ARE male aa hisp span
                            vmst wmhst sigst pr_eval pr_x_sp;
                               IDVARIABLE IS RID;
  ANALYSIS:
  ESTIMATOR = ML;
                            STARTS = 20;
  MODEL:


       sigl BY sigst@1;
       wmhl BY wmhst@1;
       memr BY vmst@1.07580;

       memr ON male@0;
       memr ON aa@0;
       memr ON hisp@0;
       memr ON span@0;
       memr ON pr_eval@0;
       memr ON pr_x_sp@0;
       memr ON sigl@0;
       memr ON wmhl@0;
       vmst ON male@-0.42725;
       vmst ON aa@0.31024;
       vmst ON hisp@0.22668;
       vmst ON span@-0.56615;
       vmst ON pr_eval@0.05266;
       vmst ON pr_x_sp@-0.55736;
       vmst ON sigl@0.49443;
       vmst ON wmhl@-0.06615;

       pr_x_sp WITH male@0;
       pr_x_sp WITH aa@0;
       pr_x_sp WITH hisp@0.00601;
       pr_x_sp WITH span@0.00739;
       pr_x_sp WITH pr_eval@0.00762;
       pr_eval WITH male@0;
       pr_eval WITH aa@0.00607;
       pr_eval WITH hisp@0.00663;
       pr_eval WITH span@0.00388;
       span WITH male@0;
       span WITH aa@-0.00862;
       span WITH hisp@0.05637;
       hisp WITH male@0;
       hisp WITH aa@-0.02055;
       aa WITH male@-0.02408;
       male WITH sigl@-0.08310;
       male WITH wmhl@0;
       aa WITH sigl@0;
       aa WITH wmhl@0.02783;
       hisp WITH sigl@0;
       hisp WITH wmhl@-0.02268;
       span WITH sigl@0;
       span WITH wmhl@-0.01625;
       pr_eval WITH sigl@0;
       pr_eval WITH wmhl@0.01305;
       pr_x_sp WITH sigl@0;
       pr_x_sp WITH wmhl@0;
       wmhl WITH sigl@-0.49395;

       [ vmst@-0.77607 ];
       [ wmhst@0.13480 ];
       [ sigst@-0.67157 ];
       [ male@0.46847 ];
       [ aa@0.14294 ];
       [ hisp@0.14174 ];
       [ span@0.06780 ];
       [ pr_eval@0.05826 ];
       [ pr_x_sp@0.00784 ];

       vmst@0.15000;
       wmhst@0.10000;
       sigst@0.10000;
       male@0.24884;
       aa@0.12300;
       hisp@0.12134;
       span@0.06355;
       pr_eval@0.05504;
       pr_x_sp@0.00800;
       sigl@2.34869;
       wmhl@0.90219;
       memr@1;


  OUTPUT:
  TECH4;
       !TECH1; TECH4; TECH8;
                               !SVALUES;
  SAVEDATA:
  SAVE = FSCORES;
                               FILE = memr_sig_fs.dat;



INPUT READING TERMINATED NORMALLY




Cognitive Reserve Base Model - ML
using signature regions
Fix parameters;

SUMMARY OF ANALYSIS

Number of groups                                                 1
Number of observations                                        1665

Number of dependent variables                                    3
Number of independent variables                                  6
Number of continuous latent variables                            3

Observed dependent variables

  Continuous
   VMST        WMHST       SIGST

Observed independent variables
   MALE        AA          HISP        SPAN        PR_EVAL     PR_X_SP

Continuous latent variables
   SIGL        WMHL        MEMR

Variables with special functions

  ID variable           RID

Estimator                                                       ML
Information matrix                                        OBSERVED
Maximum number of iterations                                  1000
Convergence criterion                                    0.500D-04
Maximum number of steepest descent iterations                   20
Maximum number of iterations for H1                           2000
Convergence criterion for H1                             0.100D-03
Random Starts Specifications
  Number of random starts                                       20
  Random starts scale                                    0.500D+01

Input data file(s)
  cr_sig2_1.dat

Input data format  FREE


SUMMARY OF DATA

     Number of missing data patterns             5


COVARIANCE COVERAGE OF DATA

Minimum covariance coverage value   0.100


     PROPORTION OF DATA PRESENT


           Covariance Coverage
              VMST          WMHST         SIGST         MALE          AA
              ________      ________      ________      ________      ________
 VMST           0.988
 WMHST          0.944         0.956
 SIGST          0.987         0.956         0.999
 MALE           0.988         0.956         0.999         1.000
 AA             0.988         0.956         0.999         1.000         1.000
 HISP           0.988         0.956         0.999         1.000         1.000
 SPAN           0.961         0.929         0.972         0.973         0.973
 PR_EVAL        0.988         0.956         0.999         1.000         1.000
 PR_X_SP        0.961         0.929         0.972         0.973         0.973


           Covariance Coverage
              HISP          SPAN          PR_EVAL       PR_X_SP
              ________      ________      ________      ________
 HISP           1.000
 SPAN           0.973         0.973
 PR_EVAL        1.000         0.973         1.000
 PR_X_SP        0.973         0.973         0.973         0.973



UNIVARIATE SAMPLE STATISTICS


     UNIVARIATE HIGHER-ORDER MOMENT DESCRIPTIVE STATISTICS

         Variable/         Mean/     Skewness/   Minimum/ % with                Percentiles
        Sample Size      Variance    Kurtosis    Maximum  Min/Max      20%/60%    40%/80%    Median

     VMST                 -0.937      -0.257      -6.575    0.06%      -2.114     -1.230     -0.898
            1645.000       2.038      -0.046       3.539    0.06%      -0.563      0.299
     WMHST                 0.136      -0.041      -3.242    0.06%      -0.737     -0.167      0.116
            1592.000       1.001      -0.266       3.140    0.06%       0.401      1.041
     SIGST                -0.710      -0.724      -6.179    0.06%      -1.954     -0.847     -0.470
            1664.000       2.237       0.423       2.832    0.06%      -0.112      0.599
     MALE                  0.468       0.126       0.000   53.15%       0.000      0.000      0.000
            1665.000       0.249      -1.984       1.000   46.85%       1.000      1.000
     AA                    0.143       2.040       0.000   85.71%       0.000      0.000      0.000
            1665.000       0.123       2.163       1.000   14.29%       0.000      0.000
     HISP                  0.142       2.054       0.000   85.83%       0.000      0.000      0.000
            1665.000       0.122       2.220       1.000   14.17%       0.000      0.000
     SPAN                  0.069       3.416       0.000   93.15%       0.000      0.000      0.000
            1620.000       0.064       9.668       1.000    6.85%       0.000      0.000
     PR_EVAL               0.058       3.772       0.000   94.17%       0.000      0.000      0.000
            1665.000       0.055      12.227       1.000    5.83%       0.000      0.000
     PR_X_SP               0.008      11.028       0.000   99.20%       0.000      0.000      0.000
            1620.000       0.008     119.623       1.000    0.80%       0.000      0.000


RANDOM STARTS RESULTS RANKED FROM THE BEST TO THE WORST FIT FUNCTION VALUES

Fit function values at local maxima and random start numbers:

             65.7393         1
             65.7393         2
             65.7393         3
             65.7393         4
             65.7393         5
             65.7393         6
             65.7393         7
             65.7393         8
             65.7393         9
             65.7393         10
             65.7393         11
             65.7393         12
             65.7393         13
             65.7393         14
             65.7393         15
             65.7393         16
             65.7393         17
             65.7393         18
             65.7393         19
             65.7393         20
             65.7393         unperturbed



MODEL FIT INFORMATION

Number of Free Parameters                        0

Loglikelihood

          H0 Value                       -7886.222
          H1 Value                       -7853.352

Information Criteria

          Akaike (AIC)                   15772.443
          Bayesian (BIC)                 15772.443
          Sample-Size Adjusted BIC       15772.443
            (n* = (n + 2) / 24)

Chi-Square Test of Model Fit

          Value                             65.739
          Degrees of Freedom                    54
          P-Value                           0.1314

RMSEA (Root Mean Square Error Of Approximation)

          Estimate                           0.011
          90 Percent C.I.                    0.000  0.020
          Probability RMSEA <= .05           1.000

CFI/TLI

          CFI                                0.988
          TLI                                0.995

Chi-Square Test of Model Fit for the Baseline Model

          Value                            975.811
          Degrees of Freedom                    21
          P-Value                           0.0000

SRMR (Standardized Root Mean Square Residual)

          Value                              0.027



MODEL RESULTS

                                                    Two-Tailed
                    Estimate       S.E.  Est./S.E.    P-Value

 SIGL     BY
    SIGST              1.000      0.000    999.000    999.000

 WMHL     BY
    WMHST              1.000      0.000    999.000    999.000

 MEMR     BY
    VMST               1.076      0.000    999.000    999.000

 MEMR     ON
    SIGL               0.000      0.000    999.000    999.000
    WMHL               0.000      0.000    999.000    999.000

 MEMR     ON
    MALE               0.000      0.000    999.000    999.000
    AA                 0.000      0.000    999.000    999.000
    HISP               0.000      0.000    999.000    999.000
    SPAN               0.000      0.000    999.000    999.000
    PR_EVAL            0.000      0.000    999.000    999.000
    PR_X_SP            0.000      0.000    999.000    999.000

 VMST     ON
    SIGL               0.494      0.000    999.000    999.000
    WMHL              -0.066      0.000    999.000    999.000

 VMST     ON
    MALE              -0.427      0.000    999.000    999.000
    AA                 0.310      0.000    999.000    999.000
    HISP               0.227      0.000    999.000    999.000
    SPAN              -0.566      0.000    999.000    999.000
    PR_EVAL            0.053      0.000    999.000    999.000
    PR_X_SP           -0.557      0.000    999.000    999.000

 PR_X_SP  WITH
    SIGL               0.000      0.000    999.000    999.000
    WMHL               0.000      0.000    999.000    999.000

 PR_EVAL  WITH
    SIGL               0.000      0.000    999.000    999.000
    WMHL               0.013      0.000    999.000    999.000

 SPAN     WITH
    SIGL               0.000      0.000    999.000    999.000
    WMHL              -0.016      0.000    999.000    999.000

 HISP     WITH
    SIGL               0.000      0.000    999.000    999.000
    WMHL              -0.023      0.000    999.000    999.000

 AA       WITH
    SIGL               0.000      0.000    999.000    999.000
    WMHL               0.028      0.000    999.000    999.000

 MALE     WITH
    SIGL              -0.083      0.000    999.000    999.000
    WMHL               0.000      0.000    999.000    999.000

 WMHL     WITH
    SIGL              -0.494      0.000    999.000    999.000

 PR_X_SP  WITH
    MALE               0.000      0.000    999.000    999.000
    AA                 0.000      0.000    999.000    999.000
    HISP               0.006      0.000    999.000    999.000
    SPAN               0.007      0.000    999.000    999.000
    PR_EVAL            0.008      0.000    999.000    999.000

 PR_EVAL  WITH
    MALE               0.000      0.000    999.000    999.000
    AA                 0.006      0.000    999.000    999.000
    HISP               0.007      0.000    999.000    999.000
    SPAN               0.004      0.000    999.000    999.000

 SPAN     WITH
    MALE               0.000      0.000    999.000    999.000
    AA                -0.009      0.000    999.000    999.000
    HISP               0.056      0.000    999.000    999.000

 HISP     WITH
    MALE               0.000      0.000    999.000    999.000
    AA                -0.021      0.000    999.000    999.000

 AA       WITH
    MALE              -0.024      0.000    999.000    999.000

 Means
    MALE               0.468      0.000    999.000    999.000
    AA                 0.143      0.000    999.000    999.000
    HISP               0.142      0.000    999.000    999.000
    SPAN               0.068      0.000    999.000    999.000
    PR_EVAL            0.058      0.000    999.000    999.000
    PR_X_SP            0.008      0.000    999.000    999.000

 Intercepts
    VMST              -0.776      0.000    999.000    999.000
    WMHST              0.135      0.000    999.000    999.000
    SIGST             -0.672      0.000    999.000    999.000

 Variances
    MALE               0.249      0.000    999.000    999.000
    AA                 0.123      0.000    999.000    999.000
    HISP               0.121      0.000    999.000    999.000
    SPAN               0.064      0.000    999.000    999.000
    PR_EVAL            0.055      0.000    999.000    999.000
    PR_X_SP            0.008      0.000    999.000    999.000
    SIGL               2.349      0.000    999.000    999.000
    WMHL               0.902      0.000    999.000    999.000

 Residual Variances
    VMST               0.150      0.000    999.000    999.000
    WMHST              0.100      0.000    999.000    999.000
    SIGST              0.100      0.000    999.000    999.000
    MEMR               1.000      0.000    999.000    999.000


QUALITY OF NUMERICAL RESULTS

     Condition Number for the Information Matrix              0.000E+00
       (ratio of smallest to largest eigenvalue)


TECHNICAL 4 OUTPUT


     ESTIMATES DERIVED FROM THE MODEL


           ESTIMATED MEANS FOR THE LATENT VARIABLES
              SIGL          WMHL          MEMR          VMST          MALE
              ________      ________      ________      ________      ________
                0.000         0.000         0.000        -0.939         0.468


           ESTIMATED MEANS FOR THE LATENT VARIABLES
              AA            HISP          SPAN          PR_EVAL       PR_X_SP
              ________      ________      ________      ________      ________
                0.143         0.142         0.068         0.058         0.008


           S.E. FOR ESTIMATED MEANS FOR THE LATENT VARIABLES
              SIGL          WMHL          MEMR          VMST          MALE
              ________      ________      ________      ________      ________
                0.000         0.000         0.000         0.000         0.000


           S.E. FOR ESTIMATED MEANS FOR THE LATENT VARIABLES
              AA            HISP          SPAN          PR_EVAL       PR_X_SP
              ________      ________      ________      ________      ________
                0.000         0.000         0.000         0.000         0.000


           EST./S.E. FOR ESTIMATED MEANS FOR THE LATENT VARIABLES
              SIGL          WMHL          MEMR          VMST          MALE
              ________      ________      ________      ________      ________
                0.000         0.000         0.000   ***********   ***********


           EST./S.E. FOR ESTIMATED MEANS FOR THE LATENT VARIABLES
              AA            HISP          SPAN          PR_EVAL       PR_X_SP
              ________      ________      ________      ________      ________
          ***********   ***********   ***********   ***********   ***********


           TWO-TAILED P-VALUE FOR ESTIMATED MEANS FOR THE LATENT VARIABLES
              SIGL          WMHL          MEMR          VMST          MALE
              ________      ________      ________      ________      ________
                1.000         1.000         1.000         0.000         0.000


           TWO-TAILED P-VALUE FOR ESTIMATED MEANS FOR THE LATENT VARIABLES
              AA            HISP          SPAN          PR_EVAL       PR_X_SP
              ________      ________      ________      ________      ________
                0.000         0.000         0.000         0.000         0.000


           ESTIMATED COVARIANCE MATRIX FOR THE LATENT VARIABLES
              SIGL          WMHL          MEMR          VMST          MALE
              ________      ________      ________      ________      ________
 SIGL           2.349
 WMHL          -0.494         0.902
 MEMR           0.000         0.000         1.000
 VMST           1.229        -0.291         1.076         2.032
 MALE          -0.083         0.000         0.000        -0.155         0.249
 AA             0.000         0.028         0.000         0.047        -0.024
 HISP           0.000        -0.023         0.000        -0.012         0.000
 SPAN           0.000        -0.016         0.000        -0.029         0.000
 PR_EVAL        0.000         0.013         0.000        -0.001         0.000
 PR_X_SP        0.000         0.000         0.000        -0.007         0.000


           ESTIMATED COVARIANCE MATRIX FOR THE LATENT VARIABLES
              AA            HISP          SPAN          PR_EVAL       PR_X_SP
              ________      ________      ________      ________      ________
 AA             0.123
 HISP          -0.021         0.121
 SPAN          -0.009         0.056         0.064
 PR_EVAL        0.006         0.007         0.004         0.055
 PR_X_SP        0.000         0.006         0.007         0.008         0.008


           S.E. FOR ESTIMATED COVARIANCE MATRIX FOR THE LATENT VARIABLES
              SIGL          WMHL          MEMR          VMST          MALE
              ________      ________      ________      ________      ________
 SIGL           0.000
 WMHL           0.000         0.000
 MEMR           0.000         0.000         0.000
 VMST           0.000         0.000         0.000         0.000
 MALE           0.000         0.000         0.000         0.000         0.000
 AA             0.000         0.000         0.000         0.000         0.000
 HISP           0.000         0.000         0.000         0.000         0.000
 SPAN           0.000         0.000         0.000         0.000         0.000
 PR_EVAL        0.000         0.000         0.000         0.000         0.000
 PR_X_SP        0.000         0.000         0.000         0.000         0.000


           S.E. FOR ESTIMATED COVARIANCE MATRIX FOR THE LATENT VARIABLES
              AA            HISP          SPAN          PR_EVAL       PR_X_SP
              ________      ________      ________      ________      ________
 AA             0.000
 HISP           0.000         0.000
 SPAN           0.000         0.000         0.000
 PR_EVAL        0.000         0.000         0.000         0.000
 PR_X_SP        0.000         0.000         0.000         0.000         0.000


           EST./S.E. FOR ESTIMATED COVARIANCE MATRIX FOR THE LATENT VARIABLES
              SIGL          WMHL          MEMR          VMST          MALE
              ________      ________      ________      ________      ________
 SIGL     ***********
 WMHL     ***********   ***********
 MEMR           0.000         0.000   ***********
 VMST     ***********   ***********   ***********   ***********
 MALE     ***********         0.000         0.000   ***********   ***********
 AA             0.000   ***********         0.000   ***********   ***********
 HISP           0.000   ***********         0.000   ***********         0.000
 SPAN           0.000   ***********         0.000   ***********         0.000
 PR_EVAL        0.000   ***********         0.000   ***********         0.000
 PR_X_SP        0.000         0.000         0.000   ***********         0.000


           EST./S.E. FOR ESTIMATED COVARIANCE MATRIX FOR THE LATENT VARIABLES
              AA            HISP          SPAN          PR_EVAL       PR_X_SP
              ________      ________      ________      ________      ________
 AA       ***********
 HISP     ***********   ***********
 SPAN     ***********   ***********   ***********
 PR_EVAL  ***********   ***********   ***********   ***********
 PR_X_SP        0.000   ***********   ***********   ***********   ***********


           TWO-TAILED P-VALUE FOR ESTIMATED COVARIANCE MATRIX FOR THE LATENT VARIABLES
              SIGL          WMHL          MEMR          VMST          MALE
              ________      ________      ________      ________      ________
 SIGL           0.000
 WMHL           0.000         0.000
 MEMR           1.000         1.000         0.000
 VMST           0.000         0.000         0.000         0.000
 MALE           0.000         1.000         1.000         0.000         0.000
 AA             1.000         0.000         1.000         0.000         0.000
 HISP           1.000         0.000         1.000         0.000         1.000
 SPAN           1.000         0.000         1.000         0.000         1.000
 PR_EVAL        1.000         0.000         1.000         0.000         1.000
 PR_X_SP        1.000         1.000         1.000         0.000         1.000


           TWO-TAILED P-VALUE FOR ESTIMATED COVARIANCE MATRIX FOR THE LATENT VARIABLES
              AA            HISP          SPAN          PR_EVAL       PR_X_SP
              ________      ________      ________      ________      ________
 AA             0.000
 HISP           0.000         0.000
 SPAN           0.000         0.000         0.000
 PR_EVAL        0.000         0.000         0.000         0.000
 PR_X_SP        1.000         0.000         0.000         0.000         0.000


           ESTIMATED CORRELATION MATRIX FOR THE LATENT VARIABLES
              SIGL          WMHL          MEMR          VMST          MALE
              ________      ________      ________      ________      ________
 SIGL           1.000
 WMHL          -0.339         1.000
 MEMR           0.000         0.000         1.000
 VMST           0.563        -0.215         0.755         1.000
 MALE          -0.109         0.000         0.000        -0.218         1.000
 AA             0.000         0.084         0.000         0.094        -0.138
 HISP           0.000        -0.069         0.000        -0.025         0.000
 SPAN           0.000        -0.068         0.000        -0.080         0.000
 PR_EVAL        0.000         0.059         0.000        -0.003         0.000
 PR_X_SP        0.000         0.000         0.000        -0.054         0.000


           ESTIMATED CORRELATION MATRIX FOR THE LATENT VARIABLES
              AA            HISP          SPAN          PR_EVAL       PR_X_SP
              ________      ________      ________      ________      ________
 AA             1.000
 HISP          -0.168         1.000
 SPAN          -0.097         0.642         1.000
 PR_EVAL        0.074         0.081         0.066         1.000
 PR_X_SP        0.000         0.193         0.328         0.363         1.000


           S.E. FOR ESTIMATED CORRELATION MATRIX FOR THE LATENT VARIABLES
              SIGL          WMHL          MEMR          VMST          MALE
              ________      ________      ________      ________      ________
 SIGL           0.000
 WMHL           0.000         0.000
 MEMR           0.000         0.000         0.000
 VMST           0.000         0.000         0.000         0.000
 MALE           0.000         0.000         0.000         0.000         0.000
 AA             0.000         0.000         0.000         0.000         0.000
 HISP           0.000         0.000         0.000         0.000         0.000
 SPAN           0.000         0.000         0.000         0.000         0.000
 PR_EVAL        0.000         0.000         0.000         0.000         0.000
 PR_X_SP        0.000         0.000         0.000         0.000         0.000


           S.E. FOR ESTIMATED CORRELATION MATRIX FOR THE LATENT VARIABLES
              AA            HISP          SPAN          PR_EVAL       PR_X_SP
              ________      ________      ________      ________      ________
 AA             0.000
 HISP           0.000         0.000
 SPAN           0.000         0.000         0.000
 PR_EVAL        0.000         0.000         0.000         0.000
 PR_X_SP        0.000         0.000         0.000         0.000         0.000


           EST./S.E. FOR ESTIMATED CORRELATION MATRIX FOR THE LATENT VARIABLES
              SIGL          WMHL          MEMR          VMST          MALE
              ________      ________      ________      ________      ________
 SIGL         999.000
 WMHL     ***********       999.000
 MEMR           0.000         0.000       999.000
 VMST     ***********   ***********   ***********       999.000
 MALE     ***********         0.000         0.000   ***********       999.000
 AA             0.000   ***********         0.000   ***********   ***********
 HISP           0.000   ***********         0.000   ***********         0.000
 SPAN           0.000   ***********         0.000   ***********         0.000
 PR_EVAL        0.000   ***********         0.000   ***********         0.000
 PR_X_SP        0.000         0.000         0.000   ***********         0.000


           EST./S.E. FOR ESTIMATED CORRELATION MATRIX FOR THE LATENT VARIABLES
              AA            HISP          SPAN          PR_EVAL       PR_X_SP
              ________      ________      ________      ________      ________
 AA           999.000
 HISP     ***********       999.000
 SPAN     ***********   ***********       999.000
 PR_EVAL  ***********   ***********   ***********       999.000
 PR_X_SP        0.000   ***********   ***********   ***********       999.000


           TWO-TAILED P-VALUE FOR ESTIMATED CORRELATION MATRIX FOR THE LATENT VARIABLES
              SIGL          WMHL          MEMR          VMST          MALE
              ________      ________      ________      ________      ________
 SIGL           0.000
 WMHL           0.000         0.000
 MEMR           1.000         1.000         0.000
 VMST           0.000         0.000         0.000         0.000
 MALE           0.000         1.000         1.000         0.000         0.000
 AA             1.000         0.000         1.000         0.000         0.000
 HISP           1.000         0.000         1.000         0.000         1.000
 SPAN           1.000         0.000         1.000         0.000         1.000
 PR_EVAL        1.000         0.000         1.000         0.000         1.000
 PR_X_SP        1.000         1.000         1.000         0.000         1.000


           TWO-TAILED P-VALUE FOR ESTIMATED CORRELATION MATRIX FOR THE LATENT VARIABLES
              AA            HISP          SPAN          PR_EVAL       PR_X_SP
              ________      ________      ________      ________      ________
 AA             0.000
 HISP           0.000         0.000
 SPAN           0.000         0.000         0.000
 PR_EVAL        0.000         0.000         0.000         0.000
 PR_X_SP        1.000         0.000         0.000         0.000         0.000


SAMPLE STATISTICS FOR ESTIMATED FACTOR SCORES


     SAMPLE STATISTICS


           Means
              SIGL          SIGL_SE       WMHL          WMHL_SE       MEMR
              ________      ________      ________      ________      ________
               -0.037         0.307         0.001         0.324         0.014


           Means
              MEMR_SE
              ________
                0.370


           Covariances
              SIGL          SIGL_SE       WMHL          WMHL_SE       MEMR
              ________      ________      ________      ________      ________
 SIGL           2.066
 SIGL_SE       -0.001         0.001
 WMHL          -0.476         0.000         0.781
 WMHL_SE        0.001         0.000        -0.001         0.015
 MEMR           0.098        -0.001        -0.013         0.001         0.841
 MEMR_SE       -0.004         0.000         0.001         0.000         0.000


           Covariances
              MEMR_SE
              ________
 MEMR_SE        0.005


           Correlations
              SIGL          SIGL_SE       WMHL          WMHL_SE       MEMR
              ________      ________      ________      ________      ________
 SIGL           1.000
 SIGL_SE       -0.027         1.000
 WMHL          -0.374         0.010         1.000
 WMHL_SE        0.003         0.125        -0.005         1.000
 MEMR           0.074        -0.035        -0.016         0.013         1.000
 MEMR_SE       -0.042         0.103         0.016        -0.002        -0.001


           Correlations
              MEMR_SE
              ________
 MEMR_SE        1.000


SAVEDATA INFORMATION


  Save file
    memr_sig_fs.dat

  Order and format of variables

    VMST           F10.3
    WMHST          F10.3
    SIGST          F10.3
    MALE           F10.3
    AA             F10.3
    HISP           F10.3
    SPAN           F10.3
    PR_EVAL        F10.3
    PR_X_SP        F10.3
    SIGL           F10.3
    SIGL_SE        F10.3
    WMHL           F10.3
    WMHL_SE        F10.3
    MEMR           F10.3
    MEMR_SE        F10.3
    RID            I9

  Save file format
    15F10.3 I9

  Save file record length    10000

  Save missing symbol        *


     Beginning Time:  15:42:58
        Ending Time:  15:42:58
       Elapsed Time:  00:00:00



MUTHEN & MUTHEN
3463 Stoner Ave.
Los Angeles, CA  90066

Tel: (310) 391-9971
Fax: (310) 391-8971
Web: www.StatModel.com
Support: Support@StatModel.com

Copyright (c) 1998-2023 Muthen & Muthen
